<?xml version="1.0" encoding="UTF-8"?>
<!-- Generated by org.testng.reporters.JUnitReportReporter -->
<testsuite hostname="DELL-PC" name="Testscript.script_cart" tests="1" failures="0" timestamp="7 Jan 2017 12:14:33 GMT" time="16.101" errors="0">
  <testcase name="addbook" time="16.101" classname="Testscript.script_cart"/>
</testsuite> <!-- Testscript.script_cart -->
