<?xml version="1.0" encoding="UTF-8"?>
<!-- Generated by org.testng.reporters.JUnitReportReporter -->
<testsuite hostname="DELL-PC" name="Testscript.script_Login" tests="1" failures="0" timestamp="18 Dec 2016 09:33:32 GMT" time="11.404" errors="0">
  <testcase name="valid_Login" time="11.404" classname="Testscript.script_Login"/>
</testsuite> <!-- Testscript.script_Login -->
