<?xml version="1.0" encoding="UTF-8"?>
<!-- Generated by org.testng.reporters.JUnitReportReporter -->
<testsuite hostname="DELL-PC" name="Testscript.script_Search" tests="1" failures="0" timestamp="18 Dec 2016 09:33:32 GMT" time="23.764" errors="0">
  <testcase name="Invalid_Search" time="23.764" classname="Testscript.script_Search"/>
</testsuite> <!-- Testscript.script_Search -->
