<?xml version="1.0" encoding="UTF-8"?>
<!-- Generated by org.testng.reporters.JUnitReportReporter -->
<testsuite hostname="DELL-PC" name="Testscript.script_Search" tests="2" failures="0" timestamp="18 Dec 2016 09:54:41 GMT" time="39.310" errors="0">
  <testcase name="ValidSearch" time="14.557" classname="Testscript.script_Search"/>
  <testcase name="Invalid_Search" time="24.753" classname="Testscript.script_Search"/>
</testsuite> <!-- Testscript.script_Search -->
