<?xml version="1.0" encoding="UTF-8"?>
<!-- Generated by org.testng.reporters.JUnitReportReporter -->
<testsuite hostname="DELL-PC" name="Testscript.script_Login" tests="5" failures="0" timestamp="18 Dec 2016 09:54:41 GMT" time="49.748" errors="0">
  <testcase name="valid_Login" time="10.499" classname="Testscript.script_Login"/>
  <testcase name="invalid_Login" time="8.615" classname="Testscript.script_Login"/>
  <testcase name="invalid_Login" time="10.201" classname="Testscript.script_Login"/>
  <testcase name="invalid_Login" time="11.607" classname="Testscript.script_Login"/>
  <testcase name="invalid_Login" time="8.826" classname="Testscript.script_Login"/>
</testsuite> <!-- Testscript.script_Login -->
